TN:
SF:.tmp\precompile\resources.ts
FN:1,(anonymous_1575)
FN:1,(anonymous_1576)
FN:1,(anonymous_1577)
FN:1,(anonymous_1578)
FN:3,(anonymous_1579)
FN:5,Resources
FN:11,(anonymous_1581)
FNF:7
FNH:6
FNDA:1,(anonymous_1575)
FNDA:1,(anonymous_1576)
FNDA:1,(anonymous_1577)
FNDA:1,(anonymous_1578)
FNDA:1,(anonymous_1579)
FNDA:1,Resources
FNDA:0,(anonymous_1581)
DA:1,2
DA:3,1
DA:5,1
DA:6,1
DA:11,1
DA:12,0
DA:13,0
DA:14,0
DA:15,0
DA:16,0
DA:17,0
DA:20,0
DA:25,1
LF:13
LH:6
BRDA:12,1,0,0
BRDA:12,1,1,0
BRDA:12,2,0,0
BRDA:12,2,1,0
BRDA:14,3,0,0
BRDA:14,3,1,0
BRDA:16,4,0,0
BRDA:16,4,1,0
BRDA:1,5,0,1
BRDA:1,5,1,1
BRDA:1,6,0,1
BRDA:1,6,1,1
BRDA:1,7,0,1
BRDA:1,7,1,0
BRDA:1,8,0,1
BRDA:1,8,1,0
BRF:16
BRH:6
end_of_record
TN:
SF:.tmp\precompile\visual.ts
FN:28,(anonymous_1582)
FN:28,(anonymous_1583)
FN:28,(anonymous_1584)
FN:28,(anonymous_1585)
FN:46,(anonymous_1586)
FN:104,Visual
FN:126,(anonymous_1588)
FN:168,(anonymous_1589)
FN:208,(anonymous_1590)
FN:244,(anonymous_1591)
FN:245,(anonymous_1592)
FN:246,(anonymous_1593)
FN:249,(anonymous_1594)
FN:250,(anonymous_1595)
FN:252,(anonymous_1596)
FN:255,(anonymous_1597)
FN:258,(anonymous_1598)
FN:263,(anonymous_1599)
FN:275,(anonymous_1600)
FN:287,(anonymous_1601)
FN:298,(anonymous_1602)
FN:314,(anonymous_1603)
FN:340,(anonymous_1604)
FN:341,(anonymous_1605)
FN:368,(anonymous_1606)
FN:369,(anonymous_1607)
FN:372,(anonymous_1608)
FNF:27
FNH:6
FNDA:1,(anonymous_1582)
FNDA:1,(anonymous_1583)
FNDA:1,(anonymous_1584)
FNDA:1,(anonymous_1585)
FNDA:1,(anonymous_1586)
FNDA:1,Visual
FNDA:0,(anonymous_1588)
FNDA:0,(anonymous_1589)
FNDA:0,(anonymous_1590)
FNDA:0,(anonymous_1591)
FNDA:0,(anonymous_1592)
FNDA:0,(anonymous_1593)
FNDA:0,(anonymous_1594)
FNDA:0,(anonymous_1595)
FNDA:0,(anonymous_1596)
FNDA:0,(anonymous_1597)
FNDA:0,(anonymous_1598)
FNDA:0,(anonymous_1599)
FNDA:0,(anonymous_1600)
FNDA:0,(anonymous_1601)
FNDA:0,(anonymous_1602)
FNDA:0,(anonymous_1603)
FNDA:0,(anonymous_1604)
FNDA:0,(anonymous_1605)
FNDA:0,(anonymous_1606)
FNDA:0,(anonymous_1607)
FNDA:0,(anonymous_1608)
DA:26,1
DA:28,2
DA:46,1
DA:51,1
DA:58,1
DA:73,1
DA:104,1
DA:105,1
DA:107,1
DA:109,1
DA:113,1
DA:117,1
DA:120,1
DA:123,1
DA:126,1
DA:127,0
DA:128,0
DA:130,0
DA:132,0
DA:139,0
DA:141,0
DA:148,0
DA:150,0
DA:151,0
DA:152,0
DA:162,0
DA:165,0
DA:168,1
DA:169,0
DA:171,0
DA:173,0
DA:174,0
DA:176,0
DA:177,0
DA:179,0
DA:184,0
DA:188,0
DA:193,0
DA:207,0
DA:208,0
DA:211,0
DA:216,0
DA:233,0
DA:237,0
DA:241,0
DA:244,0
DA:245,0
DA:246,0
DA:249,0
DA:250,0
DA:253,0
DA:256,0
DA:258,0
DA:264,0
DA:265,0
DA:266,0
DA:268,0
DA:276,0
DA:277,0
DA:278,0
DA:280,0
DA:288,0
DA:294,0
DA:298,1
DA:299,0
DA:306,0
DA:314,1
DA:316,0
DA:318,0
DA:325,0
DA:332,0
DA:334,0
DA:335,0
DA:336,0
DA:337,0
DA:338,0
DA:339,0
DA:340,0
DA:341,0
DA:343,0
DA:344,0
DA:368,0
DA:369,0
DA:371,0
DA:372,0
DA:375,0
DA:376,0
DA:382,0
DA:383,0
DA:384,0
DA:391,0
DA:394,1
LF:92
LH:19
BRDA:131,1,0,0
BRDA:131,1,1,0
BRDA:131,1,2,0
BRDA:150,2,0,0
BRDA:150,2,1,0
BRDA:176,3,0,0
BRDA:176,3,1,0
BRDA:177,4,0,0
BRDA:177,4,1,0
BRDA:250,5,0,0
BRDA:250,5,1,0
BRDA:250,6,0,0
BRDA:250,6,1,0
BRDA:258,7,0,0
BRDA:258,7,1,0
BRDA:258,8,0,0
BRDA:258,8,1,0
BRDA:325,9,0,0
BRDA:325,9,1,0
BRDA:325,10,0,0
BRDA:325,10,1,0
BRDA:325,10,2,0
BRDA:325,10,3,0
BRDA:325,10,4,0
BRDA:325,10,5,0
BRDA:325,10,6,0
BRDA:347,11,0,0
BRDA:347,11,1,0
BRDA:347,11,2,0
BRDA:347,11,3,0
BRDA:354,12,0,0
BRDA:354,12,1,0
BRDA:354,13,0,0
BRDA:354,13,1,0
BRDA:371,14,0,0
BRDA:371,14,1,0
BRDA:382,15,0,0
BRDA:382,15,1,0
BRDA:28,16,0,1
BRDA:28,16,1,0
BRDA:28,17,0,1
BRDA:28,17,1,0
BRDA:28,18,0,1
BRDA:28,18,1,0
BRDA:28,19,0,1
BRDA:28,19,1,0
BRF:46
BRH:4
end_of_record
